# JRE version: OpenJDK Runtime Environment (25.0+36) (build 25+36-3489)
# Java VM: OpenJDK 64-Bit Server VM (25+36-3489, mixed mode, emulated-client, sharing, tiered, compressed oops, compressed class ptrs, g1 gc, linux-amd64)
GC Precious Log:
 CardTable entry size: 512
 Card Set container configuration: InlinePtr #cards 4 size 8 Array Of Cards #cards 16 size 48 Howl #buckets 8 coarsen threshold 3686 Howl Bitmap #cards 512 size 80 coarsen threshold 460 Card regions per heap region 1 cards per card region 4096
 CPUs: 8 total, 8 available
 Memory: 13391M
 Large Page Support: Disabled
 NUMA Support: Disabled
 Compressed Oops: Enabled (Zero based)
 Heap Region Size: 2M
 Heap Min Capacity: 8M
 Heap Initial Capacity: 210M
 Heap Max Capacity: 3348M
 Pre-touch: Disabled
 Parallel Workers: 8
 Concurrent Workers: 2
 Concurrent Refinement Workers: 8
 Periodic GC: Disabled
Heap:
 garbage-first heap   total reserved 3428352K, committed 77824K, used 45328K [0x000000072ec00000, 0x0000000800000000)
  region size 2048K, 15 young (30720K), 2 survivors (4096K)
GC Heap Usage History (14 events):
Event: 1,492 {heap Before GC invocations=0 (full 0):
 garbage-first heap   total reserved 3428352K, committed 217088K, used 48259K [0x000000072ec00000, 0x0000000800000000)
  region size 2048K, 24 young (49152K), 0 survivors (0K)
}
Event: 1,499 {heap After GC invocations=1 (full 0):
 garbage-first heap   total reserved 3428352K, committed 217088K, used 10576K [0x000000072ec00000, 0x0000000800000000)
  region size 2048K, 3 young (6144K), 3 survivors (6144K)
}
Event: 1,824 {heap Before GC invocations=1 (full 0):
 garbage-first heap   total reserved 3428352K, committed 217088K, used 39248K [0x000000072ec00000, 0x0000000800000000)
  region size 2048K, 18 young (36864K), 3 survivors (6144K)
}
Event: 1,829 {heap After GC invocations=2 (full 0):
 garbage-first heap   total reserved 3428352K, committed 217088K, used 13242K [0x000000072ec00000, 0x0000000800000000)
  region size 2048K, 5 young (10240K), 5 survivors (10240K)
}
Event: 2,027 {heap Before GC invocations=3 (full 0):
 garbage-first heap   total reserved 3428352K, committed 55296K, used 35770K [0x000000072ec00000, 0x0000000800000000)
  region size 2048K, 16 young (32768K), 5 survivors (10240K)
}
Event: 2,037 {heap After GC invocations=4 (full 0):
 garbage-first heap   total reserved 3428352K, committed 55296K, used 14242K [0x000000072ec00000, 0x0000000800000000)
  region size 2048K, 2 young (4096K), 2 survivors (4096K)
}
Event: 2,171 {heap Before GC invocations=4 (full 0):
 garbage-first heap   total reserved 3428352K, committed 55296K, used 34722K [0x000000072ec00000, 0x0000000800000000)
  region size 2048K, 13 young (26624K), 2 survivors (4096K)
}
Event: 2,178 {heap After GC invocations=5 (full 0):
 garbage-first heap   total reserved 3428352K, committed 55296K, used 16022K [0x000000072ec00000, 0x0000000800000000)
  region size 2048K, 2 young (4096K), 2 survivors (4096K)
}
Event: 2,459 {heap Before GC invocations=5 (full 0):
 garbage-first heap   total reserved 3428352K, committed 55296K, used 38550K [0x000000072ec00000, 0x0000000800000000)
  region size 2048K, 14 young (28672K), 2 survivors (4096K)
}
Event: 2,464 {heap After GC invocations=6 (full 0):
 garbage-first heap   total reserved 3428352K, committed 55296K, used 18168K [0x000000072ec00000, 0x0000000800000000)
  region size 2048K, 2 young (4096K), 2 survivors (4096K)
}
Event: 2,782 {heap Before GC invocations=6 (full 0):
 garbage-first heap   total reserved 3428352K, committed 55296K, used 38648K [0x000000072ec00000, 0x0000000800000000)
  region size 2048K, 13 young (26624K), 2 survivors (4096K)
}
Event: 2,796 {heap After GC invocations=7 (full 0):
 garbage-first heap   total reserved 3428352K, committed 55296K, used 19897K [0x000000072ec00000, 0x0000000800000000)
  region size 2048K, 1 young (2048K), 1 survivors (2048K)
}
Event: 3,002 {heap Before GC invocations=7 (full 0):
 garbage-first heap   total reserved 3428352K, committed 55296K, used 30137K [0x000000072ec00000, 0x0000000800000000)
  region size 2048K, 7 young (14336K), 1 survivors (2048K)
}
Event: 3,007 {heap After GC invocations=8 (full 0):
 garbage-first heap   total reserved 3428352K, committed 77824K, used 20752K [0x000000072ec00000, 0x0000000800000000)
  region size 2048K, 2 young (4096K), 2 survivors (4096K)
}

